This is pdfTeX, Version 3.1415926-2.4-1.40.13 (TeX Live 2012) (format=pdflatex 2012.6.30)  13 FEB 2013 15:07
entering extended mode
 restricted \write18 enabled.
 %&-line parsing enabled.
**background.tex
(./background.tex
LaTeX2e <2011/06/27>
Babel <v3.8m> and hyphenation patterns for english, dumylang, nohyphenation, ge
rman-x-2012-05-30, ngerman-x-2012-05-30, afrikaans, ancientgreek, ibycus, arabi
c, armenian, basque, bulgarian, catalan, pinyin, coptic, croatian, czech, danis
h, dutch, ukenglish, usenglishmax, esperanto, estonian, ethiopic, farsi, finnis
h, french, friulan, galician, german, ngerman, swissgerman, monogreek, greek, h
ungarian, icelandic, assamese, bengali, gujarati, hindi, kannada, malayalam, ma
rathi, oriya, panjabi, tamil, telugu, indonesian, interlingua, irish, italian, 
kurmanji, latin, latvian, lithuanian, mongolian, mongolianlmc, bokmal, nynorsk,
 polish, portuguese, romanian, romansh, russian, sanskrit, serbian, serbianc, s
lovak, slovenian, spanish, swedish, turkish, turkmen, ukrainian, uppersorbian, 
welsh, loaded.
(/usr/local/texlive/2012/texmf-dist/tex/latex/base/article.cls
Document Class: article 2007/10/19 v1.4h Standard LaTeX document class
(/usr/local/texlive/2012/texmf-dist/tex/latex/base/size10.clo
File: size10.clo 2007/10/19 v1.4h Standard LaTeX file (size option)
)
\c@part=\count79
\c@section=\count80
\c@subsection=\count81
\c@subsubsection=\count82
\c@paragraph=\count83
\c@subparagraph=\count84
\c@figure=\count85
\c@table=\count86
\abovecaptionskip=\skip41
\belowcaptionskip=\skip42
\bibindent=\dimen102
)
(/usr/local/texlive/2012/texmf-dist/tex/latex/amsmath/amsmath.sty
Package: amsmath 2000/07/18 v2.13 AMS math features
\@mathmargin=\skip43

For additional information on amsmath, use the `?' option.
(/usr/local/texlive/2012/texmf-dist/tex/latex/amsmath/amstext.sty
Package: amstext 2000/06/29 v2.01

(/usr/local/texlive/2012/texmf-dist/tex/latex/amsmath/amsgen.sty
File: amsgen.sty 1999/11/30 v2.0
\@emptytoks=\toks14
\ex@=\dimen103
))
(/usr/local/texlive/2012/texmf-dist/tex/latex/amsmath/amsbsy.sty
Package: amsbsy 1999/11/29 v1.2d
\pmbraise@=\dimen104
)
(/usr/local/texlive/2012/texmf-dist/tex/latex/amsmath/amsopn.sty
Package: amsopn 1999/12/14 v2.01 operator names
)
\inf@bad=\count87
LaTeX Info: Redefining \frac on input line 211.
\uproot@=\count88
\leftroot@=\count89
LaTeX Info: Redefining \overline on input line 307.
\classnum@=\count90
\DOTSCASE@=\count91
LaTeX Info: Redefining \ldots on input line 379.
LaTeX Info: Redefining \dots on input line 382.
LaTeX Info: Redefining \cdots on input line 467.
\Mathstrutbox@=\box26
\strutbox@=\box27
\big@size=\dimen105
LaTeX Font Info:    Redeclaring font encoding OML on input line 567.
LaTeX Font Info:    Redeclaring font encoding OMS on input line 568.
\macc@depth=\count92
\c@MaxMatrixCols=\count93
\dotsspace@=\muskip10
\c@parentequation=\count94
\dspbrk@lvl=\count95
\tag@help=\toks15
\row@=\count96
\column@=\count97
\maxfields@=\count98
\andhelp@=\toks16
\eqnshift@=\dimen106
\alignsep@=\dimen107
\tagshift@=\dimen108
\tagwidth@=\dimen109
\totwidth@=\dimen110
\lineht@=\dimen111
\@envbody=\toks17
\multlinegap=\skip44
\multlinetaggap=\skip45
\mathdisplay@stack=\toks18
LaTeX Info: Redefining \[ on input line 2666.
LaTeX Info: Redefining \] on input line 2667.
)
(./synttree.sty
\MTr@level=\count99
\MTr@numchildren=\count100
\MTr@maxlevel=\count101
\MTr@mybranchmult=\count102
\MTr@labelbox=\box28
\MTr@treebox=\box29
\MTr@treev=\count103
\MTr@treew=\count104
\MTr@treeheight=\count105
\MTr@treedepth=\count106
\MTr@branchmult=\count107
\MTr@labeldepth=\count108
\MTr@labelheight=\count109
\MTr@labelhalfwidth=\count110
\MTr@morex=\count111
\MTr@parenty=\count112
\MTr@picwidth=\count113
\MTr@picheight=\count114
\MTr@templength=\skip46
\MTr@loopcnta=\count115
\MTr@tempcnta=\count116
\MTr@tempcntb=\count117
\MTr@tempcntc=\count118
\MTr@branchheight=\count119
\MTr@trianglemultright=\count120
\MTr@trianglemultleft=\count121
\MTr@lineoffset=\count122
\MTr@minheight=\skip47
\MTr@childsidesep=\count123
\MTr@childattachsep=\count124
)

LaTeX Warning: Unused global option(s):
    [•].

(./background.aux)
\openout1 = `background.aux'.

LaTeX Font Info:    Checking defaults for OML/cmm/m/it on input line 6.
LaTeX Font Info:    ... okay on input line 6.
LaTeX Font Info:    Checking defaults for T1/cmr/m/n on input line 6.
LaTeX Font Info:    ... okay on input line 6.
LaTeX Font Info:    Checking defaults for OT1/cmr/m/n on input line 6.
LaTeX Font Info:    ... okay on input line 6.
LaTeX Font Info:    Checking defaults for OMS/cmsy/m/n on input line 6.
LaTeX Font Info:    ... okay on input line 6.
LaTeX Font Info:    Checking defaults for OMX/cmex/m/n on input line 6.
LaTeX Font Info:    ... okay on input line 6.
LaTeX Font Info:    Checking defaults for U/cmr/m/n on input line 6.
LaTeX Font Info:    ... okay on input line 6.

Overfull \hbox (39.58287pt too wide) in paragraph at lines 14--15
[]$\OML/cmm/m/it/10 V$ \OT1/cmr/m/n/10 is a fi-nite set of vari-ables (so in th
e pro-to-type Python file \OT1/cmtt/m/n/10 prototype/cfg-vis.py\OT1/cmr/m/n/10 
,
 []


Overfull \hbox (39.11415pt too wide) in paragraph at lines 28--29
[]$\OML/cmm/m/it/10 R$ \OT1/cmr/m/n/10 con-sists of only one rule (this is la-b
eled "pro-duc-tion" in \OT1/cmtt/m/n/10 prototype/cfg-vis.py\OT1/cmr/m/n/10 ),
 []

LaTeX Font Info:    Try loading font information for OMS+cmr on input line 30.
(/usr/local/texlive/2012/texmf-dist/tex/latex/base/omscmr.fd
File: omscmr.fd 1999/05/25 v2.5h Standard LaTeX font definitions
)
LaTeX Font Info:    Font shape `OMS/cmr/m/n' in size <10> not available
(Font)              Font shape `OMS/cmsy/m/n' tried instead on input line 30.
 [1

{/usr/local/texlive/2012/texmf-var/fonts/map/pdftex/updmap/pdftex.map}]
\MTr@childibox=\box30
\MTr@childix=\count125
\MTr@childiy=\count126
\MTr@childiv=\count127
\MTr@childiw=\count128
\MTr@childiheight=\count129
\MTr@childidepth=\count130
\MTr@childibranchmult=\count131
\MTr@childipicheight=\count132
\MTr@childitriangle=\count133
\MTr@childiibox=\box31
\MTr@childiix=\count134
\MTr@childiiy=\count135
\MTr@childiiv=\count136
\MTr@childiiw=\count137
\MTr@childiiheight=\count138
\MTr@childiidepth=\count139
\MTr@childiibranchmult=\count140
\MTr@childiipicheight=\count141
\MTr@childiitriangle=\count142
\MTr@childiiibox=\box32
\MTr@childiiix=\count143
\MTr@childiiiy=\count144
\MTr@childiiiv=\count145
\MTr@childiiiw=\count146
\MTr@childiiiheight=\count147
\MTr@childiiidepth=\count148
\MTr@childiiibranchmult=\count149
\MTr@childiiipicheight=\count150
\MTr@childiiitriangle=\count151
\MTr@childivbox=\box33
\MTr@childivx=\count152
\MTr@childivy=\count153
\MTr@childivv=\count154
\MTr@childivw=\count155
\MTr@childivheight=\count156
\MTr@childivdepth=\count157
\MTr@childivbranchmult=\count158
\MTr@childivpicheight=\count159
\MTr@childivtriangle=\count160
\MTr@childvbox=\box34
\MTr@childvx=\count161
\MTr@childvy=\count162
\MTr@childvv=\count163
\MTr@childvw=\count164
\MTr@childvheight=\count165
\MTr@childvdepth=\count166
\MTr@childvbranchmult=\count167
\MTr@childvpicheight=\count168
\MTr@childvtriangle=\count169
 [2] (./background.aux) ) 
Here is how much of TeX's memory you used:
 979 strings out of 493488
 11543 string characters out of 3141326
 322116 words of memory out of 3000000
 4337 multiletter control sequences out of 15000+200000
 7971 words of font info for 30 fonts, out of 3000000 for 9000
 957 hyphenation exceptions out of 8191
 27i,8n,20p,567b,374s stack positions out of 5000i,500n,10000p,200000b,50000s
</usr/local/texlive/2012/texmf-dist/fonts/type1/public
/amsfonts/cm/cmmi10.pfb></usr/local/texlive/2012/texmf-dist/fonts/type1/public/
amsfonts/cm/cmr10.pfb></usr/local/texlive/2012/texmf-dist/fonts/type1/public/am
sfonts/cm/cmr12.pfb></usr/local/texlive/2012/texmf-dist/fonts/type1/public/amsf
onts/cm/cmr17.pfb></usr/local/texlive/2012/texmf-dist/fonts/type1/public/amsfon
ts/cm/cmr6.pfb></usr/local/texlive/2012/texmf-dist/fonts/type1/public/amsfonts/
cm/cmr7.pfb></usr/local/texlive/2012/texmf-dist/fonts/type1/public/amsfonts/cm/
cmr8.pfb></usr/local/texlive/2012/texmf-dist/fonts/type1/public/amsfonts/cm/cms
y10.pfb></usr/local/texlive/2012/texmf-dist/fonts/type1/public/amsfonts/cm/cmtt
10.pfb>
Output written on background.pdf (2 pages, 134673 bytes).
PDF statistics:
 47 PDF objects out of 1000 (max. 8388607)
 33 compressed objects within 1 object stream
 0 named destinations out of 1000 (max. 500000)
 1 words of extra memory for PDF output out of 10000 (max. 10000000)

